<?xml version="1.0" encoding="UTF-8"?>
<!-- Generated by org.testng.reporters.JUnitReportReporter -->
<testsuite hostname="LAPTOP-VGDPET1H" failures="0" tests="5" name="testCases.TC_003_LoginDDT" time="34.454" errors="0" timestamp="2024-07-27T23:55:11 IST" skipped="0">
  <testcase classname="testCases.TC_003_LoginDDT" name="verify_loginDDT" time="1.236"/>
  <testcase classname="testCases.TC_003_LoginDDT" name="verify_loginDDT" time="1.367"/>
  <testcase classname="testCases.TC_003_LoginDDT" name="verify_loginDDT" time="10.612"/>
  <testcase classname="testCases.TC_003_LoginDDT" name="verify_loginDDT" time="10.530"/>
  <testcase classname="testCases.TC_003_LoginDDT" name="verify_loginDDT" time="10.709"/>
</testsuite> <!-- testCases.TC_003_LoginDDT -->
