<?xml version="1.0" encoding="UTF-8"?>
<!-- Generated by org.testng.reporters.JUnitReportReporter -->
<testsuite hostname="LAPTOP-VGDPET1H" failures="0" tests="1" name="testCases.TC_001_AccountRegistrationTest" time="4.247" errors="0" timestamp="2024-08-12T22:00:25 IST" skipped="0">
  <testcase classname="testCases.TC_001_AccountRegistrationTest" name="verify_account_registration" time="4.247"/>
</testsuite> <!-- testCases.TC_001_AccountRegistrationTest -->
