<?xml version="1.0" encoding="UTF-8"?>
<!-- Generated by org.testng.reporters.JUnitReportReporter -->
<testsuite hostname="LAPTOP-VGDPET1H" failures="0" tests="1" name="testCases.TC_002_LoginTest" time="1.207" errors="0" timestamp="2024-08-12T22:00:25 IST" skipped="0">
  <testcase classname="testCases.TC_002_LoginTest" name="verify_login" time="1.207"/>
</testsuite> <!-- testCases.TC_002_LoginTest -->
